[debug] [2023-11-14T09:08:08.858Z] ----------------------------------------------------------------------
[debug] [2023-11-14T09:08:08.862Z] Command:       C:\Program Files\nodejs\node.exe C:\Users\Freek\AppData\Roaming\npm\node_modules\firebase-tools\lib\bin\firebase.js init
[debug] [2023-11-14T09:08:08.862Z] CLI Version:   12.8.1
[debug] [2023-11-14T09:08:08.862Z] Platform:      win32
[debug] [2023-11-14T09:08:08.863Z] Node Version:  v20.5.0
[debug] [2023-11-14T09:08:08.863Z] Time:          Tue Nov 14 2023 10:08:08 GMT+0100 (Midden-Europese standaardtijd)
[debug] [2023-11-14T09:08:08.863Z] ----------------------------------------------------------------------
[debug] 
[debug] [2023-11-14T09:08:08.871Z] > command requires scopes: ["email","openid","https://www.googleapis.com/auth/cloudplatformprojects.readonly","https://www.googleapis.com/auth/firebase","https://www.googleapis.com/auth/cloud-platform"]
[debug] [2023-11-14T09:08:08.871Z] > authorizing via signed-in user (info@freek-it.nl)
[info] 
     ######## #### ########  ######## ########     ###     ######  ########
     ##        ##  ##     ## ##       ##     ##  ##   ##  ##       ##
     ######    ##  ########  ######   ########  #########  ######  ######
     ##        ##  ##    ##  ##       ##     ## ##     ##       ## ##
     ##       #### ##     ## ######## ########  ##     ##  ######  ########

You're about to initialize a Firebase project in this directory:

  C:\Users\Freek\Coding\overhooring

[info] 
=== Project Setup
[info] 
[info] First, let's associate this project directory with a Firebase project.
[info] You can create multiple project aliases by running firebase use --add, 
[info] but for now we'll just set up a default project.
[info] 
